This is pdfTeX, Version 3.1415926-2.5-1.40.14 (TeX Live 2013/Debian) (format=latex 2015.1.8)  22 DEC 2015 18:06
entering extended mode
 restricted \write18 enabled.
 %&-line parsing enabled.
**tese-exemplo.tex
(./tese-exemplo.tex
LaTeX2e <2011/06/27>
Babel <3.9h> and hyphenation patterns for 2 languages loaded.
(/usr/share/texlive/texmf-dist/tex/latex/base/book.cls
Document Class: book 2007/10/19 v1.4h Standard LaTeX document class
(/usr/share/texlive/texmf-dist/tex/latex/base/bk11.clo
File: bk11.clo 2007/10/19 v1.4h Standard LaTeX file (size option)
)
\c@part=\count79
\c@chapter=\count80
\c@section=\count81
\c@subsection=\count82
\c@subsubsection=\count83
\c@paragraph=\count84
\c@subparagraph=\count85
\c@figure=\count86
\c@table=\count87
\abovecaptionskip=\skip41
\belowcaptionskip=\skip42
\bibindent=\dimen102
)
(/usr/share/texlive/texmf-dist/tex/latex/base/fontenc.sty
Package: fontenc 2005/09/27 v1.99g Standard LaTeX package

(/usr/share/texlive/texmf-dist/tex/latex/base/t1enc.def
File: t1enc.def 2005/09/27 v1.99g Standard LaTeX file
LaTeX Font Info:    Redeclaring font encoding T1 on input line 43.
))
(/usr/share/texlive/texmf-dist/tex/generic/babel/babel.sty
Package: babel 2013/12/03 3.9h The Babel package


! Package babel Error: Unknown option `brazil'. Either you misspelled it
(babel)                or the language definition file brazil.ldf was not found
.

See the babel package documentation for explanation.
Type  H <return>  for immediate help.
 ...                                              
                                                  
l.296 \ProcessOptions*
                      
? 

! Package babel Error: You haven't specified a language option.

See the babel package documentation for explanation.
Type  H <return>  for immediate help.
 ...                                              
                                                  
l.329 ...ry to proceed from here, type x to quit.}
                                                  
? 
) (/usr/share/texlive/texmf-dist/tex/latex/base/inputenc.sty
Package: inputenc 2008/03/30 v1.1d Input encoding file
\inpenc@prehook=\toks14
\inpenc@posthook=\toks15

(/usr/share/texlive/texmf-dist/tex/latex/base/utf8.def
File: utf8.def 2008/04/05 v1.1m UTF-8 support for inputenc
Now handling font encoding OML ...
... no UTF-8 mapping file for font encoding OML
Now handling font encoding T1 ...
... processing UTF-8 mapping file for font encoding T1

(/usr/share/texlive/texmf-dist/tex/latex/base/t1enc.dfu
File: t1enc.dfu 2008/04/05 v1.1m UTF-8 support for inputenc
   defining Unicode char U+00A1 (decimal 161)
   defining Unicode char U+00A3 (decimal 163)
   defining Unicode char U+00AB (decimal 171)
   defining Unicode char U+00BB (decimal 187)
   defining Unicode char U+00BF (decimal 191)
   defining Unicode char U+00C0 (decimal 192)
   defining Unicode char U+00C1 (decimal 193)
   defining Unicode char U+00C2 (decimal 194)
   defining Unicode char U+00C3 (decimal 195)
   defining Unicode char U+00C4 (decimal 196)
   defining Unicode char U+00C5 (decimal 197)
   defining Unicode char U+00C6 (decimal 198)
   defining Unicode char U+00C7 (decimal 199)
   defining Unicode char U+00C8 (decimal 200)
   defining Unicode char U+00C9 (decimal 201)
   defining Unicode char U+00CA (decimal 202)
   defining Unicode char U+00CB (decimal 203)
   defining Unicode char U+00CC (decimal 204)
   defining Unicode char U+00CD (decimal 205)
   defining Unicode char U+00CE (decimal 206)
   defining Unicode char U+00CF (decimal 207)
   defining Unicode char U+00D0 (decimal 208)
   defining Unicode char U+00D1 (decimal 209)
   defining Unicode char U+00D2 (decimal 210)
   defining Unicode char U+00D3 (decimal 211)
   defining Unicode char U+00D4 (decimal 212)
   defining Unicode char U+00D5 (decimal 213)
   defining Unicode char U+00D6 (decimal 214)
   defining Unicode char U+00D8 (decimal 216)
   defining Unicode char U+00D9 (decimal 217)
   defining Unicode char U+00DA (decimal 218)
   defining Unicode char U+00DB (decimal 219)
   defining Unicode char U+00DC (decimal 220)
   defining Unicode char U+00DD (decimal 221)
   defining Unicode char U+00DE (decimal 222)
   defining Unicode char U+00DF (decimal 223)
   defining Unicode char U+00E0 (decimal 224)
   defining Unicode char U+00E1 (decimal 225)
   defining Unicode char U+00E2 (decimal 226)
   defining Unicode char U+00E3 (decimal 227)
   defining Unicode char U+00E4 (decimal 228)
   defining Unicode char U+00E5 (decimal 229)
   defining Unicode char U+00E6 (decimal 230)
   defining Unicode char U+00E7 (decimal 231)
   defining Unicode char U+00E8 (decimal 232)
   defining Unicode char U+00E9 (decimal 233)
   defining Unicode char U+00EA (decimal 234)
   defining Unicode char U+00EB (decimal 235)
   defining Unicode char U+00EC (decimal 236)
   defining Unicode char U+00ED (decimal 237)
   defining Unicode char U+00EE (decimal 238)
   defining Unicode char U+00EF (decimal 239)
   defining Unicode char U+00F0 (decimal 240)
   defining Unicode char U+00F1 (decimal 241)
   defining Unicode char U+00F2 (decimal 242)
   defining Unicode char U+00F3 (decimal 243)
   defining Unicode char U+00F4 (decimal 244)
   defining Unicode char U+00F5 (decimal 245)
   defining Unicode char U+00F6 (decimal 246)
   defining Unicode char U+00F8 (decimal 248)
   defining Unicode char U+00F9 (decimal 249)
   defining Unicode char U+00FA (decimal 250)
   defining Unicode char U+00FB (decimal 251)
   defining Unicode char U+00FC (decimal 252)
   defining Unicode char U+00FD (decimal 253)
   defining Unicode char U+00FE (decimal 254)
   defining Unicode char U+00FF (decimal 255)
   defining Unicode char U+0102 (decimal 258)
   defining Unicode char U+0103 (decimal 259)
   defining Unicode char U+0104 (decimal 260)
   defining Unicode char U+0105 (decimal 261)
   defining Unicode char U+0106 (decimal 262)
   defining Unicode char U+0107 (decimal 263)
   defining Unicode char U+010C (decimal 268)
   defining Unicode char U+010D (decimal 269)
   defining Unicode char U+010E (decimal 270)
   defining Unicode char U+010F (decimal 271)
   defining Unicode char U+0110 (decimal 272)
   defining Unicode char U+0111 (decimal 273)
   defining Unicode char U+0118 (decimal 280)
   defining Unicode char U+0119 (decimal 281)
   defining Unicode char U+011A (decimal 282)
   defining Unicode char U+011B (decimal 283)
   defining Unicode char U+011E (decimal 286)
   defining Unicode char U+011F (decimal 287)
   defining Unicode char U+0130 (decimal 304)
   defining Unicode char U+0131 (decimal 305)
   defining Unicode char U+0132 (decimal 306)
   defining Unicode char U+0133 (decimal 307)
   defining Unicode char U+0139 (decimal 313)
   defining Unicode char U+013A (decimal 314)
   defining Unicode char U+013D (decimal 317)
   defining Unicode char U+013E (decimal 318)
   defining Unicode char U+0141 (decimal 321)
   defining Unicode char U+0142 (decimal 322)
   defining Unicode char U+0143 (decimal 323)
   defining Unicode char U+0144 (decimal 324)
   defining Unicode char U+0147 (decimal 327)
   defining Unicode char U+0148 (decimal 328)
   defining Unicode char U+014A (decimal 330)
   defining Unicode char U+014B (decimal 331)
   defining Unicode char U+0150 (decimal 336)
   defining Unicode char U+0151 (decimal 337)
   defining Unicode char U+0152 (decimal 338)
   defining Unicode char U+0153 (decimal 339)
   defining Unicode char U+0154 (decimal 340)
   defining Unicode char U+0155 (decimal 341)
   defining Unicode char U+0158 (decimal 344)
   defining Unicode char U+0159 (decimal 345)
   defining Unicode char U+015A (decimal 346)
   defining Unicode char U+015B (decimal 347)
   defining Unicode char U+015E (decimal 350)
   defining Unicode char U+015F (decimal 351)
   defining Unicode char U+0160 (decimal 352)
   defining Unicode char U+0161 (decimal 353)
   defining Unicode char U+0162 (decimal 354)
   defining Unicode char U+0163 (decimal 355)
   defining Unicode char U+0164 (decimal 356)
   defining Unicode char U+0165 (decimal 357)
   defining Unicode char U+016E (decimal 366)
   defining Unicode char U+016F (decimal 367)
   defining Unicode char U+0170 (decimal 368)
   defining Unicode char U+0171 (decimal 369)
   defining Unicode char U+0178 (decimal 376)
   defining Unicode char U+0179 (decimal 377)
   defining Unicode char U+017A (decimal 378)
   defining Unicode char U+017B (decimal 379)
   defining Unicode char U+017C (decimal 380)
   defining Unicode char U+017D (decimal 381)
   defining Unicode char U+017E (decimal 382)
   defining Unicode char U+200C (decimal 8204)
   defining Unicode char U+2013 (decimal 8211)
   defining Unicode char U+2014 (decimal 8212)
   defining Unicode char U+2018 (decimal 8216)
   defining Unicode char U+2019 (decimal 8217)
   defining Unicode char U+201A (decimal 8218)
   defining Unicode char U+201C (decimal 8220)
   defining Unicode char U+201D (decimal 8221)
   defining Unicode char U+201E (decimal 8222)
   defining Unicode char U+2030 (decimal 8240)
   defining Unicode char U+2031 (decimal 8241)
   defining Unicode char U+2039 (decimal 8249)
   defining Unicode char U+203A (decimal 8250)
   defining Unicode char U+2423 (decimal 9251)
)
Now handling font encoding OT1 ...
... processing UTF-8 mapping file for font encoding OT1

(/usr/share/texlive/texmf-dist/tex/latex/base/ot1enc.dfu
File: ot1enc.dfu 2008/04/05 v1.1m UTF-8 support for inputenc
   defining Unicode char U+00A1 (decimal 161)
   defining Unicode char U+00A3 (decimal 163)
   defining Unicode char U+00B8 (decimal 184)
   defining Unicode char U+00BF (decimal 191)
   defining Unicode char U+00C5 (decimal 197)
   defining Unicode char U+00C6 (decimal 198)
   defining Unicode char U+00D8 (decimal 216)
   defining Unicode char U+00DF (decimal 223)
   defining Unicode char U+00E6 (decimal 230)
   defining Unicode char U+00EC (decimal 236)
   defining Unicode char U+00ED (decimal 237)
   defining Unicode char U+00EE (decimal 238)
   defining Unicode char U+00EF (decimal 239)
   defining Unicode char U+00F8 (decimal 248)
   defining Unicode char U+0131 (decimal 305)
   defining Unicode char U+0141 (decimal 321)
   defining Unicode char U+0142 (decimal 322)
   defining Unicode char U+0152 (decimal 338)
   defining Unicode char U+0153 (decimal 339)
   defining Unicode char U+2013 (decimal 8211)
   defining Unicode char U+2014 (decimal 8212)
   defining Unicode char U+2018 (decimal 8216)
   defining Unicode char U+2019 (decimal 8217)
   defining Unicode char U+201C (decimal 8220)
   defining Unicode char U+201D (decimal 8221)
)
Now handling font encoding OMS ...
... processing UTF-8 mapping file for font encoding OMS

(/usr/share/texlive/texmf-dist/tex/latex/base/omsenc.dfu
File: omsenc.dfu 2008/04/05 v1.1m UTF-8 support for inputenc
   defining Unicode char U+00A7 (decimal 167)
   defining Unicode char U+00B6 (decimal 182)
   defining Unicode char U+00B7 (decimal 183)
   defining Unicode char U+2020 (decimal 8224)
   defining Unicode char U+2021 (decimal 8225)
   defining Unicode char U+2022 (decimal 8226)
)
Now handling font encoding OMX ...
... no UTF-8 mapping file for font encoding OMX
Now handling font encoding U ...
... no UTF-8 mapping file for font encoding U
   defining Unicode char U+00A9 (decimal 169)
   defining Unicode char U+00AA (decimal 170)
   defining Unicode char U+00AE (decimal 174)
   defining Unicode char U+00BA (decimal 186)
   defining Unicode char U+02C6 (decimal 710)
   defining Unicode char U+02DC (decimal 732)
   defining Unicode char U+200C (decimal 8204)
   defining Unicode char U+2026 (decimal 8230)
   defining Unicode char U+2122 (decimal 8482)
   defining Unicode char U+2423 (decimal 9251)
))
(/usr/share/texlive/texmf-dist/tex/latex/graphics/graphicx.sty
Package: graphicx 1999/02/16 v1.0f Enhanced LaTeX Graphics (DPC,SPQR)

(/usr/share/texlive/texmf-dist/tex/latex/graphics/keyval.sty
Package: keyval 1999/03/16 v1.13 key=value parser (DPC)
\KV@toks@=\toks16
)
(/usr/share/texlive/texmf-dist/tex/latex/graphics/graphics.sty
Package: graphics 2009/02/05 v1.0o Standard LaTeX Graphics (DPC,SPQR)

(/usr/share/texlive/texmf-dist/tex/latex/graphics/trig.sty
Package: trig 1999/03/16 v1.09 sin cos tan (DPC)
)
(/usr/share/texlive/texmf-dist/tex/latex/latexconfig/graphics.cfg
File: graphics.cfg 2010/04/23 v1.9 graphics configuration of TeX Live
)
Package graphics Info: Driver file: pdftex.def on input line 91.

(/usr/share/texlive/texmf-dist/tex/latex/pdftex-def/pdftex.def
File: pdftex.def 2011/05/27 v0.06d Graphics/color for pdfTeX

(/usr/share/texlive/texmf-dist/tex/generic/oberdiek/infwarerr.sty
Package: infwarerr 2010/04/08 v1.3 Providing info/warning/error messages (HO)
)
(/usr/share/texlive/texmf-dist/tex/generic/oberdiek/ltxcmds.sty
Package: ltxcmds 2011/11/09 v1.22 LaTeX kernel commands for general use (HO)
)

! Package pdftex.def Error: PDF mode expected, but DVI mode detected!
(pdftex.def)                If you are using `latex', then call `pdflatex'.
(pdftex.def)                Otherwise check and correct the driver options.
(pdftex.def)                Error recovery by switching to PDF mode.

See the pdftex.def package documentation for explanation.
Type  H <return>  for immediate help.
 ...                                              
                                                  
l.433   }\@ehc
              
? 
\Gread@gobject=\count88
))
\Gin@req@height=\dimen103
\Gin@req@width=\dimen104
) (/usr/share/texlive/texmf-dist/tex/latex/setspace/setspace.sty
Package: setspace 2011/12/19 v6.7a set line spacing
)
(/usr/share/texlive/texmf-dist/tex/latex/tools/indentfirst.sty
Package: indentfirst 1995/11/23 v1.03 Indent first paragraph (DPC)
)
(/usr/share/texlive/texmf-dist/tex/latex/base/makeidx.sty
Package: makeidx 2000/03/29 v1.0m Standard LaTeX package
)
(/usr/share/texlive/texmf-dist/tex/latex/psnfss/courier.sty
Package: courier 2005/04/12 PSNFSS-v9.2a (WaS) 
)
(/usr/share/texlive/texmf-dist/tex/latex/listings/listings.sty
\lst@mode=\count89
\lst@gtempboxa=\box26
\lst@token=\toks17
\lst@length=\count90
\lst@currlwidth=\dimen105
\lst@column=\count91
\lst@pos=\count92
\lst@lostspace=\dimen106
\lst@width=\dimen107
\lst@newlines=\count93
\lst@lineno=\count94
\lst@maxwidth=\dimen108

(/usr/share/texlive/texmf-dist/tex/latex/listings/lstmisc.sty
File: lstmisc.sty 2013/08/26 1.5b (Carsten Heinz)
\c@lstnumber=\count95
\lst@skipnumbers=\count96
\lst@framebox=\box27
)
(/usr/share/texlive/texmf-dist/tex/latex/listings/listings.cfg
File: listings.cfg 2013/08/26 1.5b listings configuration
))
Package: listings 2013/08/26 1.5b (Carsten Heinz)

(/usr/share/texlive/texmf-dist/tex/latex/titlesec/titletoc.sty
Package: titletoc 2011/12/15 v1.6 TOC entries
\ttl@leftsep=\dimen109
)
(/usr/share/texlive/texmf-dist/tex/latex/babelbib/babelbib.sty
Package: babelbib 2012/01/03 v1.31 babelbib: multilingual bibliographies (HH)
\c@btxromaniannumeral=\count97
)
(/usr/share/texlive/texmf-dist/tex/latex/caption/caption.sty
Package: caption 2013/05/02 v3.3-89 Customizing captions (AR)

(/usr/share/texlive/texmf-dist/tex/latex/caption/caption3.sty
Package: caption3 2013/05/02 v1.6-88 caption3 kernel (AR)
Package caption3 Info: TeX engine: e-TeX on input line 57.
\captionmargin=\dimen110
\captionmargin@=\dimen111
\captionwidth=\dimen112
\caption@tempdima=\dimen113
\caption@indent=\dimen114
\caption@parindent=\dimen115
\caption@hangindent=\dimen116
)
\c@ContinuedFloat=\count98
Package caption Info: listings package is loaded.
)
(/usr/share/texmf/tex/latex/xcolor/xcolor.sty
Package: xcolor 2007/01/21 v2.11 LaTeX color extensions (UK)

(/usr/share/texlive/texmf-dist/tex/latex/latexconfig/color.cfg
File: color.cfg 2007/01/18 v1.5 color configuration of teTeX/TeXLive
)
Package xcolor Info: Package option `usenames' ignored on input line 216.
Package xcolor Info: Driver file: pdftex.def on input line 225.
Package xcolor Info: Model `cmy' substituted by `cmy0' on input line 1337.
Package xcolor Info: Model `hsb' substituted by `rgb' on input line 1341.
Package xcolor Info: Model `RGB' extended on input line 1353.
Package xcolor Info: Model `HTML' substituted by `rgb' on input line 1355.
Package xcolor Info: Model `Hsb' substituted by `hsb' on input line 1356.
Package xcolor Info: Model `tHsb' substituted by `hsb' on input line 1357.
Package xcolor Info: Model `HSB' substituted by `hsb' on input line 1358.
Package xcolor Info: Model `Gray' substituted by `gray' on input line 1359.
Package xcolor Info: Model `wave' substituted by `hsb' on input line 1360.

(/usr/share/texlive/texmf-dist/tex/latex/graphics/dvipsnam.def
File: dvipsnam.def 1999/02/16 v3.0i Driver-dependant file (DPC,SPQR)
)
(/usr/share/texmf/tex/latex/xcolor/svgnam.def
File: svgnam.def 2007/01/21 v2.11 Predefined colors according to SVG 1.1 (UK)
))
(/usr/share/texlive/texmf-dist/tex/latex/geometry/geometry.sty
Package: geometry 2010/09/12 v5.6 Page Geometry

(/usr/share/texlive/texmf-dist/tex/generic/oberdiek/ifpdf.sty
Package: ifpdf 2011/01/30 v2.3 Provides the ifpdf switch (HO)
Package ifpdf Info: pdfTeX in PDF mode is detected.
)
(/usr/share/texlive/texmf-dist/tex/generic/oberdiek/ifvtex.sty
Package: ifvtex 2010/03/01 v1.5 Detect VTeX and its facilities (HO)
Package ifvtex Info: VTeX not detected.
)
(/usr/share/texlive/texmf-dist/tex/generic/ifxetex/ifxetex.sty
Package: ifxetex 2010/09/12 v0.6 Provides ifxetex conditional
)
\Gm@cnth=\count99
\Gm@cntv=\count100
\c@Gm@tempcnt=\count101
\Gm@bindingoffset=\dimen117
\Gm@wd@mp=\dimen118
\Gm@odd@mp=\dimen119
\Gm@even@mp=\dimen120
\Gm@layoutwidth=\dimen121
\Gm@layoutheight=\dimen122
\Gm@layouthoffset=\dimen123
\Gm@layoutvoffset=\dimen124
\Gm@dimlist=\toks18
)
(/usr/share/texlive/texmf-dist/tex/latex/hyperref/hyperref.sty
Package: hyperref 2012/11/06 v6.83m Hypertext links for LaTeX

(/usr/share/texlive/texmf-dist/tex/generic/oberdiek/hobsub-hyperref.sty
Package: hobsub-hyperref 2012/05/28 v1.13 Bundle oberdiek, subset hyperref (HO)


(/usr/share/texlive/texmf-dist/tex/generic/oberdiek/hobsub-generic.sty
Package: hobsub-generic 2012/05/28 v1.13 Bundle oberdiek, subset generic (HO)
Package: hobsub 2012/05/28 v1.13 Construct package bundles (HO)
Package hobsub Info: Skipping package `infwarerr' (already loaded).
Package hobsub Info: Skipping package `ltxcmds' (already loaded).
Package: ifluatex 2010/03/01 v1.3 Provides the ifluatex switch (HO)
Package ifluatex Info: LuaTeX not detected.
Package hobsub Info: Skipping package `ifvtex' (already loaded).
Package: intcalc 2007/09/27 v1.1 Expandable calculations with integers (HO)
Package hobsub Info: Skipping package `ifpdf' (already loaded).
Package: etexcmds 2011/02/16 v1.5 Avoid name clashes with e-TeX commands (HO)
Package etexcmds Info: Could not find \expanded.
(etexcmds)             That can mean that you are not using pdfTeX 1.50 or
(etexcmds)             that some package has redefined \expanded.
(etexcmds)             In the latter case, load this package earlier.
Package: kvsetkeys 2012/04/25 v1.16 Key value parser (HO)
Package: kvdefinekeys 2011/04/07 v1.3 Define keys (HO)
Package: pdftexcmds 2011/11/29 v0.20 Utility functions of pdfTeX for LuaTeX (HO
)
Package pdftexcmds Info: LuaTeX not detected.
Package pdftexcmds Info: \pdf@primitive is available.
Package pdftexcmds Info: \pdf@ifprimitive is available.
Package pdftexcmds Info: \pdfdraftmode found.
Package: pdfescape 2011/11/25 v1.13 Implements pdfTeX's escape features (HO)
Package: bigintcalc 2012/04/08 v1.3 Expandable calculations on big integers (HO
)
Package: bitset 2011/01/30 v1.1 Handle bit-vector datatype (HO)
Package: uniquecounter 2011/01/30 v1.2 Provide unlimited unique counter (HO)
)
Package hobsub Info: Skipping package `hobsub' (already loaded).
Package: letltxmacro 2010/09/02 v1.4 Let assignment for LaTeX macros (HO)
Package: hopatch 2012/05/28 v1.2 Wrapper for package hooks (HO)
Package: xcolor-patch 2011/01/30 xcolor patch
Package: atveryend 2011/06/30 v1.8 Hooks at the very end of document (HO)
Package atveryend Info: \enddocument detected (standard20110627).
Package: atbegshi 2011/10/05 v1.16 At begin shipout hook (HO)
Package: refcount 2011/10/16 v3.4 Data extraction from label references (HO)
Package: hycolor 2011/01/30 v1.7 Color options for hyperref/bookmark (HO)
)
(/usr/share/texlive/texmf-dist/tex/latex/oberdiek/auxhook.sty
Package: auxhook 2011/03/04 v1.3 Hooks for auxiliary files (HO)
)
(/usr/share/texlive/texmf-dist/tex/latex/oberdiek/kvoptions.sty
Package: kvoptions 2011/06/30 v3.11 Key value format for package options (HO)
)
\@linkdim=\dimen125
\Hy@linkcounter=\count102
\Hy@pagecounter=\count103

(/usr/share/texlive/texmf-dist/tex/latex/hyperref/pd1enc.def
File: pd1enc.def 2012/11/06 v6.83m Hyperref: PDFDocEncoding definition (HO)
Now handling font encoding PD1 ...
... no UTF-8 mapping file for font encoding PD1
)
\Hy@SavedSpaceFactor=\count104

(/usr/share/texlive/texmf-dist/tex/latex/latexconfig/hyperref.cfg
File: hyperref.cfg 2002/06/06 v1.2 hyperref configuration of TeXLive
)
Package hyperref Info: Option `plainpages' set `false' on input line 4319.
Package hyperref Info: Option `pdfpagelabels' set `true' on input line 4319.
Package hyperref Info: Option `colorlinks' set `true' on input line 4319.
Package hyperref Info: Option `bookmarksopen' set `true' on input line 4319.
Package hyperref Info: Hyper figures OFF on input line 4443.
Package hyperref Info: Link nesting OFF on input line 4448.
Package hyperref Info: Hyper index ON on input line 4451.
Package hyperref Info: Plain pages OFF on input line 4458.
Package hyperref Info: Backreferencing ON on input line 4461.
Package hyperref Info: Implicit mode ON; LaTeX internals redefined.
Package hyperref Info: Bookmarks ON on input line 4688.

(/usr/share/texlive/texmf-dist/tex/latex/hyperref/backref.sty
Package: backref 2012/07/25 v1.38 Bibliographical back referencing

(/usr/share/texlive/texmf-dist/tex/latex/oberdiek/rerunfilecheck.sty
Package: rerunfilecheck 2011/04/15 v1.7 Rerun checks for auxiliary files (HO)
Package uniquecounter Info: New unique counter `rerunfilecheck' on input line 2
82.
))
\c@Hy@tempcnt=\count105

(/usr/share/texlive/texmf-dist/tex/latex/url/url.sty
\Urlmuskip=\muskip10
Package: url 2013/09/16  ver 3.4  Verb mode for urls, etc.
)
LaTeX Info: Redefining \url on input line 5041.
\XeTeXLinkMargin=\dimen126
\Fld@menulength=\count106
\Field@Width=\dimen127
\Fld@charsize=\dimen128
Package hyperref Info: Hyper figures OFF on input line 6295.
Package hyperref Info: Link nesting OFF on input line 6300.
Package hyperref Info: Hyper index ON on input line 6303.
Package hyperref Info: backreferencing ON on input line 6308.
Package hyperref Info: Link coloring ON on input line 6313.
Package hyperref Info: Link coloring with OCG OFF on input line 6320.
Package hyperref Info: PDF/A mode OFF on input line 6325.
LaTeX Info: Redefining \ref on input line 6365.
LaTeX Info: Redefining \pageref on input line 6369.
\Hy@abspage=\count107
\c@Item=\count108
\c@Hfootnote=\count109
)

Package hyperref Message: Driver: hpdftex.

(/usr/share/texlive/texmf-dist/tex/latex/hyperref/hpdftex.def
File: hpdftex.def 2012/11/06 v6.83m Hyperref driver for pdfTeX
\Fld@listcount=\count110
\c@bookmark@seq@number=\count111
\Hy@SectionHShift=\skip43
)
(/usr/share/texlive/texmf-dist/tex/latex/oberdiek/hypcap.sty
Package: hypcap 2011/02/16 v1.11 Adjusting the anchors of captions (HO)
) (./natbib.sty
Package: natbib 2007/02/05 8.0 (PWD)
\bibhang=\skip44
\bibsep=\skip45
LaTeX Info: Redefining \cite on input line 602.
\c@NAT@ctr=\count112
)

LaTeX Font Warning: Font shape `OT1/cmr/m/n' in size <60> not available
(Font)              size <24.88> substituted on input line 36.

(/usr/share/texlive/texmf-dist/tex/latex/fancyhdr/fancyhdr.sty
\fancy@headwidth=\skip46
\f@ncyO@elh=\skip47
\f@ncyO@erh=\skip48
\f@ncyO@olh=\skip49
\f@ncyO@orh=\skip50
\f@ncyO@elf=\skip51
\f@ncyO@erf=\skip52
\f@ncyO@olf=\skip53
\f@ncyO@orf=\skip54
)
\@indexfile=\write3
\openout3 = `tese-exemplo.idx'.


Writing index file tese-exemplo.idx
(/usr/share/texlive/texmf-dist/tex/latex/listings/lstlang1.sty
File: lstlang1.sty 2013/08/26 1.5b listings language file
)
(./tese-exemplo.aux (./ape-conjuntos.aux))
\openout1 = `tese-exemplo.aux'.

LaTeX Font Info:    Checking defaults for OML/cmm/m/it on input line 88.
LaTeX Font Info:    ... okay on input line 88.
LaTeX Font Info:    Checking defaults for T1/cmr/m/n on input line 88.
LaTeX Font Info:    ... okay on input line 88.
LaTeX Font Info:    Checking defaults for OT1/cmr/m/n on input line 88.
LaTeX Font Info:    ... okay on input line 88.
LaTeX Font Info:    Checking defaults for OMS/cmsy/m/n on input line 88.
LaTeX Font Info:    ... okay on input line 88.
LaTeX Font Info:    Checking defaults for OMX/cmex/m/n on input line 88.
LaTeX Font Info:    ... okay on input line 88.
LaTeX Font Info:    Checking defaults for U/cmr/m/n on input line 88.
LaTeX Font Info:    ... okay on input line 88.
LaTeX Font Info:    Checking defaults for PD1/pdf/m/n on input line 88.
LaTeX Font Info:    ... okay on input line 88.

(/usr/share/texlive/texmf-dist/tex/context/base/supp-pdf.mkii
[Loading MPS to PDF converter (version 2006.09.02).]
\scratchcounter=\count113
\scratchdimen=\dimen129
\scratchbox=\box28
\nofMPsegments=\count114
\nofMParguments=\count115
\everyMPshowfont=\toks19
\MPscratchCnt=\count116
\MPscratchDim=\dimen130
\MPnumerator=\count117
\makeMPintoPDFobject=\count118
\everyMPtoPDFconversion=\toks20
)
\c@lstlisting=\count119

babelbib: Set bibliography fall-back language to english
! Undefined control sequence.
<write> ...sions \string \bibs \bbl@main@language 
                                                  \space for \bbl@main@langu...
l.88 \begin{document}
                     
? 
! Undefined control sequence.
<write> ...language \space for \bbl@main@language 
                                                  
l.88 \begin{document}
                     
? 
babelbib: Load BibTeX extensions \bibs for 
! Undefined control sequence.
<argument> bibs\bbl@main@language 
                                  
l.88 \begin{document}
                     
? 
! Undefined control sequence.
<argument> date\bbl@main@language 
                                  
l.88 \begin{document}
                     
? 

! Undefined control sequence.
<argument> ... definitions for \bbl@main@language 
                                                   available in the current\...
l.88 \begin{document}
                     
? 
! Undefined control sequence.
 ...e babelbib Error: Language \bbl@main@language 
                                                   in bibliography unknown b...
l.88 \begin{document}
                     
? 
! Package babelbib Error: Language  in bibliography unknown by babelbib.

See the babelbib package documentation for explanation.
Type  H <return>  for immediate help.
 ...                                              
                                                  
l.88 \begin{document}
                     
? 
Package caption Info: Begin \AtBeginDocument code.
Package caption Info: hyperref package is loaded.
Package caption Info: hypcap package is loaded.
Package caption Info: End \AtBeginDocument code.
*geometry* driver: auto-detecting
*geometry* detected driver: pdftex
*geometry* verbose mode - [ preamble ] result:
* driver: pdftex
* paper: a4paper
* layout: <same size as paper>
* layoutoffset:(h,v)=(0.0pt,0.0pt)
* modes: 
* h-part:(L,W,R)=(56.9055pt, 468.33257pt, 72.2698pt)
* v-part:(T,H,B)=(72.2698pt, 715.87154pt, 56.9055pt)
* \paperwidth=597.50787pt
* \paperheight=845.04684pt
* \textwidth=468.33257pt
* \textheight=715.87154pt
* \oddsidemargin=-15.36449pt
* \evensidemargin=-15.36449pt
* \topmargin=-31.87398pt
* \headheight=12.0pt
* \headsep=19.8738pt
* \topskip=11.0pt
* \footskip=27.46295pt
* \marginparwidth=53.0pt
* \marginparsep=7.0pt
* \columnsep=10.0pt
* \skip\footins=10.0pt plus 4.0pt minus 2.0pt
* \hoffset=0.0pt
* \voffset=0.0pt
* \mag=1000
* \@twocolumnfalse
* \@twosidefalse
* \@mparswitchfalse
* \@reversemarginfalse
* (1in=72.27pt=25.4mm, 1cm=28.453pt)

\AtBeginShipoutBox=\box29
Package backref Info: ** backref set up for natbib ** on input line 88.
Package hyperref Info: Link coloring ON on input line 88.
(/usr/share/texlive/texmf-dist/tex/latex/hyperref/nameref.sty
Package: nameref 2012/10/27 v2.43 Cross-referencing by name of section

(/usr/share/texlive/texmf-dist/tex/generic/oberdiek/gettitlestring.sty
Package: gettitlestring 2010/12/03 v1.4 Cleanup title references (HO)
)
\c@section@level=\count120
)
LaTeX Info: Redefining \ref on input line 88.
LaTeX Info: Redefining \pageref on input line 88.
LaTeX Info: Redefining \nameref on input line 88.

(./tese-exemplo.out) (./tese-exemplo.out)
\@outlinefile=\write4
\openout4 = `tese-exemplo.out'.



Package Fancyhdr Warning: \fancyhead's `E' option without twoside option is use
less on input line 93.


Package Fancyhdr Warning: \fancyhead's `E' option without twoside option is use
less on input line 94.


! LaTeX Error: There's no line here to end.

See the LaTeX manual or LaTeX Companion for explanation.
Type  H <return>  for immediate help.
 ...                                              
                                                  
l.120     Universidade de S√£o Paulo\\[-0.25cm]}
                                                
? 
[1



{/var/lib/texmf/fonts/map/pdftex/updmap/pdftex.map}] [2]
Underfull \hbox (badness 10000) in paragraph at lines 183--184

 []

pdfTeX warning (ext4): destination with the same identifier (name{page.i}) has 
been already used, duplicate ignored
<to be read again> 
                   \relax 
l.189  \chapter
               *{Abstract} [1

]
Underfull \hbox (badness 10000) in paragraph at lines 196--197

 []

pdfTeX warning (ext4): destination with the same identifier (name{page.ii}) has
 been already used, duplicate ignored
<to be read again> 
                   \relax 
l.202 \tableofcontents
                          % imprime o sum√°rio [2

] (./tese-exemplo.toc
LaTeX Font Info:    External font `cmex10' loaded for size
(Font)              <10.95> on input line 3.
LaTeX Font Info:    External font `cmex10' loaded for size
(Font)              <8> on input line 3.
LaTeX Font Info:    External font `cmex10' loaded for size
(Font)              <6> on input line 3.
)
\tf@toc=\write5
\openout5 = `tese-exemplo.toc'.


[3

]

Package Fancyhdr Warning: \fancyhead's `E' option without twoside option is use
less on input line 231.

(./cap-introducao.tex
Chapter 1.
[1


] <./figuras/filtroGuiaFolha.png, id=180, 283.0575pt x 648.4225pt>
File: ./figuras/filtroGuiaFolha.png Graphic file (type png)

<use ./figuras/filtroGuiaFolha.png>
Package pdftex.def Info: ./figuras/filtroGuiaFolha.png used on input line 40.
(pdftex.def)             Requested size: 140.50119pt x 321.86554pt.
) (./cap-fundamentos.tex

Package Fancyhdr Warning: \headheight is too small (12.0pt): 
 Make it at least 13.59999pt.
 We now make it that large for the rest of the document.
 This may cause the page layout to be inconsistent, however.

[2 <./figuras/filtroGuiaFolha.png>] [3]
Chapter 2.

Underfull \hbox (badness 10000) in paragraph at lines 15--16

 []


Underfull \hbox (badness 10000) in paragraph at lines 17--18

 []

[4

] [5] [6] [7]
Underfull \hbox (badness 10000) in paragraph at lines 140--141

 []


Underfull \hbox (badness 10000) in paragraph at lines 149--150

 []


Underfull \hbox (badness 10000) in paragraph at lines 161--162

 []


Underfull \hbox (badness 10000) in paragraph at lines 163--165

 []

[8]
LaTeX Font Info:    Try loading font information for OMS+cmr on input line 182.

 (/usr/share/texlive/texmf-dist/tex/latex/base/omscmr.fd
File: omscmr.fd 1999/05/25 v2.5h Standard LaTeX font definitions
)
LaTeX Font Info:    Font shape `OMS/cmr/m/n' in size <10.95> not available
(Font)              Font shape `OMS/cmsy/m/n' tried instead on input line 182.
 [9] [10] [11]
[12]) (./cap-desenvolvimento.tex [13]
Chapter 3.
<./figuras/figura_unica.png, id=269, 668.4975pt x 970.62625pt>
File: ./figuras/figura_unica.png Graphic file (type png)

<use ./figuras/figura_unica.png>
Package pdftex.def Info: ./figuras/figura_unica.png used on input line 11.
(pdftex.def)             Requested size: 234.16628pt x 339.99086pt.
 [14

 <./figuras/figura_unica.png>]
<./figuras/3_2.png, id=281, 534.99875pt x 113.42375pt>
File: ./figuras/3_2.png Graphic file (type png)
 <use ./figuras/3_2.png>
Package pdftex.def Info: ./figuras/3_2.png used on input line 28.
(pdftex.def)             Requested size: 234.16628pt x 49.64526pt.

[15 <./figuras/3_2.png>] <./figuras/3_3.png, id=303, 478.78876pt x 99.37125pt>
File: ./figuras/3_3.png Graphic file (type png)

<use ./figuras/3_3.png>
Package pdftex.def Info: ./figuras/3_3.png used on input line 68.
(pdftex.def)             Requested size: 234.16628pt x 48.59984pt.
 [16 <./figuras/3_3.png>]

LaTeX Warning: Command \textquoteright invalid in math mode on input line 110.


LaTeX Warning: Command \textquoteright invalid in math mode on input line 112.


LaTeX Warning: Command \textquoteright invalid in math mode on input line 119.


LaTeX Warning: Command \textquoteright invalid in math mode on input line 126.

<./figuras/3_4.png, id=315, 570.13pt x 328.22626pt>
File: ./figuras/3_4.png Graphic file (type png)
 <use ./figuras/3_4.png>
Package pdftex.def Info: ./figuras/3_4.png used on input line 147.
(pdftex.def)             Requested size: 234.16628pt x 134.80902pt.


LaTeX Warning: `!h' float specifier changed to `!ht'.

[17] <./figuras/PartesDoSite.png, id=324, 963.6pt x 722.7pt>
File: ./figuras/PartesDoSite.png Graphic file (type png)

<use ./figuras/PartesDoSite.png>
Package pdftex.def Info: ./figuras/PartesDoSite.png used on input line 163.
(pdftex.def)             Requested size: 327.83136pt x 245.86913pt.
) (./cap-aplicacao.tex [18 <./figuras/3_4.png> <./figuras/PartesDoSite.png>]
Chapter 4.
<./figuras/GuiaFolha-Formulario.png, id=335, 682.55pt x 167.62625pt>
File: ./figuras/GuiaFolha-Formulario.png Graphic file (type png)

<use ./figuras/GuiaFolha-Formulario.png>
Package pdftex.def Info: ./figuras/GuiaFolha-Formulario.png used on input line 
12.
(pdftex.def)             Requested size: 468.33257pt x 115.01767pt.
 [19

 <./figuras/GuiaFolha-Formulario.png>] <./figuras/Grafico-parametros.png, id=34
4, 606.265pt x 282.05376pt>
File: ./figuras/Grafico-parametros.png Graphic file (type png)

<use ./figuras/Grafico-parametros.png>
Package pdftex.def Info: ./figuras/Grafico-parametros.png used on input line 48
.
(pdftex.def)             Requested size: 374.66748pt x 174.30771pt.

<./figuras/Grafico-parametrosPorConsulta.png, id=346, 428.60126pt x 311.1625pt>
File: ./figuras/Grafico-parametrosPorConsulta.png Graphic file (type png)
<use ./figuras/Grafico-parametrosPorConsulta.png>
Package pdftex.def Info: ./figuras/Grafico-parametrosPorConsulta.png used on in
put line 62.
(pdftex.def)             Requested size: 234.16628pt x 170.00514pt.
 [20 <./figuras/Grafico-parametros.png>] <./figuras/Grafico-escolhas.png, id=35
6, 553.06625pt x 363.3575pt>
File: ./figuras/Grafico-escolhas.png Graphic file (type png)

<use ./figuras/Grafico-escolhas.png>
Package pdftex.def Info: ./figuras/Grafico-escolhas.png used on input line 84.
(pdftex.def)             Requested size: 234.16628pt x 153.83995pt.
 [21 <./figuras/Grafico-parametrosPorConsulta.png> <./figuras/Grafico-escolhas.
png>]
<./figuras/Grafico-dif.png, id=365, 602.25pt x 372.39125pt>
File: ./figuras/Grafico-dif.png Graphic file (type png)

<use ./figuras/Grafico-dif.png>
Package pdftex.def Info: ./figuras/Grafico-dif.png used on input line 106.
(pdftex.def)             Requested size: 234.16628pt x 144.79446pt.
 [22 <./figuras/Grafico-dif.png>])
(./cap-conclusoes.tex [23]
Chapter 5.
)

Package Fancyhdr Warning: \fancyhead's `E' option without twoside option is use
less on input line 246.

[24

]
\openout2 = `ape-conjuntos.aux'.

 (./ape-conjuntos.tex
Appendix A.
) [25


] (./tese-exemplo.bbl (./tese-exemplo.brf)
\tf@brf=\write6
\openout6 = `tese-exemplo.brf'.


Underfull \hbox (badness 1043) in paragraph at lines 9--9
[]\T1/cmr/m/n/10.95 Apache Lucene.  [][]$https : / / web . archive . org / web 
/ 20151102014915 / http : / / lucene . apache .
 []


Underfull \hbox (badness 10000) in paragraph at lines 58--58
\T1/cmr/m/n/10.95 http : / / lucene . apache . org / core / 4 _ 0 _ 0 / core / 
org / apache / lucene / index / IndexWriter .
 []


Underfull \hbox (badness 10000) in paragraph at lines 111--111
[]\T1/cmr/m/n/10.95 Visite S„o Paulo.  [][]$https : / / web . archive . org / w
eb / 20150929081059 / http : / / www .
 []

[26



])
Package atveryend Info: Empty hook `BeforeClearDocument' on input line 268.
 [27]
Package atveryend Info: Empty hook `AfterLastShipout' on input line 268.
 (./tese-exemplo.aux (./ape-conjuntos.aux))
Package atveryend Info: Executing hook `AtVeryEndDocument' on input line 268.
Package atveryend Info: Executing hook `AtEndAfterFileList' on input line 268.
Package rerunfilecheck Info: File `tese-exemplo.out' has not changed.
(rerunfilecheck)             Checksum: AEE47402A354BD7AF481E57AC0C219A0;2012.
Package rerunfilecheck Info: File `tese-exemplo.brf' has not changed.
(rerunfilecheck)             Checksum: D715ABDB5F2761854DD8AECE78423F74;724.


LaTeX Font Warning: Size substitutions with differences
(Font)              up to 35.12pt have occurred.

Package atveryend Info: Empty hook `AtVeryVeryEnd' on input line 268.
 ) 
Here is how much of TeX's memory you used:
 10153 strings out of 495029
 148610 string characters out of 6181524
 280075 words of memory out of 5000000
 13076 multiletter control sequences out of 15000+600000
 21614 words of font info for 44 fonts, out of 8000000 for 9000
 14 hyphenation exceptions out of 8191
 36i,12n,43p,1395b,442s stack positions out of 5000i,500n,10000p,200000b,80000s
 </home/fabio/.texmf-var/fonts/pk/ljfour/jknappen/ec/ecti0800.600pk> </home/f
abio/.texmf-var/fonts/pk/ljfour/jknappen/ec/ecrm0800.600pk> </home/fabio/.texmf
-var/fonts/pk/ljfour/jknappen/ec/ecbi1200.600pk> </home/fabio/.texmf-var/fonts/
pk/ljfour/jknappen/ec/ecbi1095.600pk> </home/fabio/.texmf-var/fonts/pk/ljfour/j
knappen/ec/ecbx1200.600pk> </home/fabio/.texmf-var/fonts/pk/ljfour/jknappen/ec/
ecrm0900.600pk> </home/fabio/.texmf-var/fonts/pk/ljfour/jknappen/ec/ecti1000.60
0pk> </home/fabio/.texmf-var/fonts/pk/ljfour/jknappen/ec/ecbx1000.600pk> </home
/fabio/.texmf-var/fonts/pk/ljfour/jknappen/ec/ecbx2074.600pk> </home/fabio/.tex
mf-var/fonts/pk/ljfour/jknappen/ec/ecbx1095.600pk> </home/fabio/.texmf-var/font
s/pk/ljfour/jknappen/ec/ecti1095.600pk> </home/fabio/.texmf-var/fonts/pk/ljfour
/jknappen/ec/ecbx2488.600pk> </home/fabio/.texmf-var/fonts/pk/ljfour/jknappen/e
c/ecrm1095.600pk> </home/fabio/.texmf-var/fonts/pk/ljfour/jknappen/ec/eccc1440.
600pk> </home/fabio/.texmf-var/fonts/pk/ljfour/jknappen/ec/ecrm1440.600pk> </ho
me/fabio/.texmf-var/fonts/pk/ljfour/jknappen/ec/ecbx1440.600pk></usr/share/texl
ive/texmf-dist/fonts/type1/public/amsfonts/cm/cmex10.pfb></usr/share/texlive/te
xmf-dist/fonts/type1/public/amsfonts/cm/cmmi10.pfb></usr/share/texlive/texmf-di
st/fonts/type1/public/amsfonts/cm/cmmi8.pfb></usr/share/texlive/texmf-dist/font
s/type1/public/amsfonts/cm/cmr10.pfb></usr/share/texlive/texmf-dist/fonts/type1
/public/amsfonts/cm/cmr8.pfb></usr/share/texlive/texmf-dist/fonts/type1/public/
amsfonts/cm/cmsy10.pfb></usr/share/texlive/texmf-dist/fonts/type1/public/amsfon
ts/cm/cmsy8.pfb>
Output written on tese-exemplo.pdf (32 pages, 1016636 bytes).
PDF statistics:
 1045 PDF objects out of 1200 (max. 8388607)
 471 compressed objects within 5 object streams
 112 named destinations out of 1000 (max. 500000)
 264 words of extra memory for PDF output out of 10000 (max. 10000000)

